app/build/outputs/logs/manifest-merger-debug-report.txt
-- Merging decision tree log ---
manifest
ADDED from src/main/AndroidManifest.xml:2:1-138:12
	xmlns:android
		ADDED from src/main/AndroidManifest.xml:2:11-69
	package
		ADDED from src/main/AndroidManifest.xml:3:5-33
		INJECTED from src/main/AndroidManifest.xml
		INJECTED from src/main/AndroidManifest.xml
	android:versionName
		INJECTED from src/main/AndroidManifest.xml
		INJECTED from src/main/AndroidManifest.xml
	android:versionCode
		INJECTED from src/main/AndroidManifest.xml
		INJECTED from src/main/AndroidManifest.xml
uses-permission#android.permission.INTERNET
ADDED from src/main/AndroidManifest.xml:5:5-67
	android:name
		ADDED from src/main/AndroidManifest.xml:5:22-64
uses-permission#android.permission.ACCESS_NETWORK_STATE
ADDED from src/main/AndroidManifest.xml:6:5-79
	android:name
		ADDED from src/main/AndroidManifest.xml:6:22-76
uses-permission#android.permission.ACCESS_COARSE_LOCATION
ADDED from src/main/AndroidManifest.xml:7:5-81
	android:name
		ADDED from src/main/AndroidManifest.xml:7:22-78
uses-permission#android.permission.ACCESS_FINE_LOCATION
ADDED from src/main/AndroidManifest.xml:8:5-79
	android:name
		ADDED from src/main/AndroidManifest.xml:8:22-76
uses-permission#android.permission.WRITE_EXTERNAL_STORAGE
ADDED from src/main/AndroidManifest.xml:9:5-81
	android:name
		ADDED from src/main/AndroidManifest.xml:9:22-78
uses-permission#com.google.android.providers.gsf.permission.READ_GSERVICES
ADDED from src/main/AndroidManifest.xml:10:5-98
	android:name
		ADDED from src/main/AndroidManifest.xml:10:22-95
uses-permission#android.permission.READ_EXTERNAL_STORAGE
ADDED from src/main/AndroidManifest.xml:12:5-80
	android:name
		ADDED from src/main/AndroidManifest.xml:12:22-77
uses-permission#android.permission.READ_PHONE_STATE
ADDED from src/main/AndroidManifest.xml:13:5-75
	android:name
		ADDED from src/main/AndroidManifest.xml:13:22-72
uses-permission#android.permission.DOWNLOAD_WITHOUT_NOTIFICATION
ADDED from src/main/AndroidManifest.xml:14:5-88
	android:name
		ADDED from src/main/AndroidManifest.xml:14:22-85
uses-library#com.google.android.maps
ADDED from src/main/AndroidManifest.xml:24:5-60
	android:name
		ADDED from src/main/AndroidManifest.xml:24:19-57
application
ADDED from src/main/AndroidManifest.xml:26:5-136:19
MERGED from [com.google.android.gms:play-services:6.5.87] AndroidManifest.xml:20:5-24:19
MERGED from [com.android.support:support-v4:23.0.1] AndroidManifest.xml:22:5-20
MERGED from [com.android.support:appcompat-v7:23.0.1] AndroidManifest.xml:22:5-20
MERGED from [com.android.support:support-v4:23.0.1] AndroidManifest.xml:22:5-20
	android:label
		ADDED from src/main/AndroidManifest.xml:29:9-28
	android:allowBackup
		ADDED from src/main/AndroidManifest.xml:27:9-35
	android:icon
		ADDED from src/main/AndroidManifest.xml:28:9-36
	android:theme
		ADDED from src/main/AndroidManifest.xml:30:9-40
meta-data#com.google.android.gms.version
ADDED from src/main/AndroidManifest.xml:31:9-33:69
MERGED from [com.google.android.gms:play-services:6.5.87] AndroidManifest.xml:21:9-23:69
	android:name
		ADDED from src/main/AndroidManifest.xml:32:13-58
	android:value
		ADDED from src/main/AndroidManifest.xml:33:13-66
meta-data#com.google.android.maps.v2.API_KEY
ADDED from src/main/AndroidManifest.xml:34:9-36:55
	android:name
		ADDED from src/main/AndroidManifest.xml:35:13-62
	android:value
		ADDED from src/main/AndroidManifest.xml:36:13-52
activity#com.example.w.maps.LaunchActivity
ADDED from src/main/AndroidManifest.xml:38:9-47:20
	android:label
		ADDED from src/main/AndroidManifest.xml:41:13-32
	android:exported
		ADDED from src/main/AndroidManifest.xml:40:13-36
	android:name
		ADDED from src/main/AndroidManifest.xml:39:13-43
intent-filter#android.intent.action.MAIN+android.intent.category.LAUNCHER
ADDED from src/main/AndroidManifest.xml:42:13-46:29
action#android.intent.action.MAIN
ADDED from src/main/AndroidManifest.xml:43:17-69
	android:name
		ADDED from src/main/AndroidManifest.xml:43:25-66
category#android.intent.category.LAUNCHER
ADDED from src/main/AndroidManifest.xml:45:17-77
	android:name
		ADDED from src/main/AndroidManifest.xml:45:27-74
activity#com.example.w.maps.MainActivity
ADDED from src/main/AndroidManifest.xml:48:9-52:20
	android:label
		ADDED from src/main/AndroidManifest.xml:50:13-32
	android:theme
		ADDED from src/main/AndroidManifest.xml:51:13-55
	android:name
		ADDED from src/main/AndroidManifest.xml:49:13-41
activity#com.example.w.maps.warehouse.PageActivity
ADDED from src/main/AndroidManifest.xml:53:9-56:20
	android:label
		ADDED from src/main/AndroidManifest.xml:55:13-32
	android:name
		ADDED from src/main/AndroidManifest.xml:54:13-51
activity#com.example.w.maps.Review
ADDED from src/main/AndroidManifest.xml:57:9-62:20
	android:label
		ADDED from src/main/AndroidManifest.xml:59:13-32
	android:theme
		ADDED from src/main/AndroidManifest.xml:60:13-55
	android:name
		ADDED from src/main/AndroidManifest.xml:58:13-35
activity#com.example.w.maps.MapsActivity
ADDED from src/main/AndroidManifest.xml:63:9-66:20
	android:label
		ADDED from src/main/AndroidManifest.xml:65:13-32
	android:name
		ADDED from src/main/AndroidManifest.xml:64:13-41
activity#com.example.w.maps.Reg
ADDED from src/main/AndroidManifest.xml:67:9-70:20
	android:label
		ADDED from src/main/AndroidManifest.xml:69:13-32
	android:name
		ADDED from src/main/AndroidManifest.xml:68:13-32
activity#com.example.w.maps.DetailsWarehouse
ADDED from src/main/AndroidManifest.xml:71:9-74:20
	android:label
		ADDED from src/main/AndroidManifest.xml:73:13-32
	android:name
		ADDED from src/main/AndroidManifest.xml:72:13-45
activity#com.example.w.maps.Login
ADDED from src/main/AndroidManifest.xml:75:9-78:20
	android:label
		ADDED from src/main/AndroidManifest.xml:77:13-32
	android:name
		ADDED from src/main/AndroidManifest.xml:76:13-34
activity#com.example.w.maps.Sendsms
ADDED from src/main/AndroidManifest.xml:79:9-82:20
	android:label
		ADDED from src/main/AndroidManifest.xml:81:13-32
	android:name
		ADDED from src/main/AndroidManifest.xml:80:13-36
activity#com.example.w.maps.InitialActivity
ADDED from src/main/AndroidManifest.xml:83:9-87:20
	android:label
		ADDED from src/main/AndroidManifest.xml:86:13-32
	android:exported
		ADDED from src/main/AndroidManifest.xml:85:13-36
	android:name
		ADDED from src/main/AndroidManifest.xml:84:13-44
activity#com.example.w.maps.ListActivity
ADDED from src/main/AndroidManifest.xml:88:9-91:20
	android:label
		ADDED from src/main/AndroidManifest.xml:90:13-32
	android:name
		ADDED from src/main/AndroidManifest.xml:89:13-41
activity#com.example.w.maps.StorageFacility
ADDED from src/main/AndroidManifest.xml:92:9-95:20
	android:label
		ADDED from src/main/AndroidManifest.xml:94:13-32
	android:name
		ADDED from src/main/AndroidManifest.xml:93:13-44
activity#com.example.w.maps.ReviewsActivity
ADDED from src/main/AndroidManifest.xml:96:9-99:20
	android:label
		ADDED from src/main/AndroidManifest.xml:98:13-32
	android:name
		ADDED from src/main/AndroidManifest.xml:97:13-44
activity#com.example.w.maps.About
ADDED from src/main/AndroidManifest.xml:101:9-104:20
	android:label
		ADDED from src/main/AndroidManifest.xml:103:13-32
	android:name
		ADDED from src/main/AndroidManifest.xml:102:13-34
activity#nearbyproject.PlaceDetailsActivity
ADDED from src/main/AndroidManifest.xml:105:9-109:20
	android:label
		ADDED from src/main/AndroidManifest.xml:107:13-32
	android:theme
		ADDED from src/main/AndroidManifest.xml:108:13-45
	android:name
		ADDED from src/main/AndroidManifest.xml:106:13-62
activity#myapplication.Transport_Full_details
ADDED from src/main/AndroidManifest.xml:110:9-114:20
	android:label
		ADDED from src/main/AndroidManifest.xml:112:13-32
	android:theme
		ADDED from src/main/AndroidManifest.xml:113:13-45
	android:name
		ADDED from src/main/AndroidManifest.xml:111:13-64
activity#myapplication.transportwarehouse.Transportdetails
ADDED from src/main/AndroidManifest.xml:115:9-119:20
	android:label
		ADDED from src/main/AndroidManifest.xml:117:13-32
	android:theme
		ADDED from src/main/AndroidManifest.xml:118:13-45
	android:name
		ADDED from src/main/AndroidManifest.xml:116:13-77
activity#myapplication.transportwarehouse.model.TransSMS
ADDED from src/main/AndroidManifest.xml:120:9-123:20
	android:label
		ADDED from src/main/AndroidManifest.xml:122:13-32
	android:name
		ADDED from src/main/AndroidManifest.xml:121:13-75
activity#com.example.w.maps.UserRegSms
ADDED from src/main/AndroidManifest.xml:124:9-127:20
	android:label
		ADDED from src/main/AndroidManifest.xml:126:13-32
	android:name
		ADDED from src/main/AndroidManifest.xml:125:13-39
activity#myapplication.transportwarehouse.Transport_Reg_Activity
ADDED from src/main/AndroidManifest.xml:128:9-131:20
	android:label
		ADDED from src/main/AndroidManifest.xml:130:13-32
	android:name
		ADDED from src/main/AndroidManifest.xml:129:13-83
activity#myapplication.transportwarehouse.Transp_add_details
ADDED from src/main/AndroidManifest.xml:132:9-135:20
	android:label
		ADDED from src/main/AndroidManifest.xml:134:13-32
	android:name
		ADDED from src/main/AndroidManifest.xml:133:13-79
uses-sdk
INJECTED from src/main/AndroidManifest.xml reason: use-sdk injection requested
MERGED from [com.google.android.gms:play-services:6.5.87] AndroidManifest.xml:18:5-42
MERGED from [com.android.support:support-v4:23.0.1] AndroidManifest.xml:20:5-43
MERGED from [com.android.support:appcompat-v7:23.0.1] AndroidManifest.xml:20:5-43
MERGED from [com.android.support:support-v4:23.0.1] AndroidManifest.xml:20:5-43
	android:targetSdkVersion
		INJECTED from src/main/AndroidManifest.xml
		INJECTED from src/main/AndroidManifest.xml
	android:minSdkVersion
		INJECTED from src/main/AndroidManifest.xml
		INJECTED from src/main/AndroidManifest.xml